<?xml version="1.0" encoding="UTF-8"?>
<!-- Generated by org.testng.reporters.JUnitReportReporter -->
<testsuite hostname="Bachking" failures="0" tests="1" name="org.example.AppTest" time="39.439" errors="0" timestamp="2023-04-19T12:31:03 IST" skipped="0">
  <testcase classname="org.example.AppTest" name="googletest" time="39.439"/>
  <system-out/>
</testsuite> <!-- org.example.AppTest -->
