<?xml version="1.0" encoding="UTF-8"?>
<!-- Generated by org.testng.reporters.JUnitReportReporter -->
<testsuite hostname="Bachking" failures="0" tests="4" name="org.example.App1Test" time="0.020" errors="0" timestamp="2023-03-29T12:27:56 IST" skipped="0">
  <testcase classname="org.example.App1Test" name="openbrowser" time="0.015"/>
  <system-out/>
  <testcase classname="org.example.App1Test" name="opengoogle" time="0.002"/>
  <system-out/>
  <testcase classname="org.example.App1Test" name="closegoogle" time="0.001"/>
  <system-out/>
  <testcase classname="org.example.App1Test" name="closebrowser" time="0.002"/>
  <system-out/>
</testsuite> <!-- org.example.App1Test -->
