<?xml version="1.0" encoding="UTF-8"?>
<!-- Generated by org.testng.reporters.JUnitReportReporter -->
<testsuite hostname="Bachking" failures="0" tests="2" name="org.example.AppTest" time="0.044" errors="0" timestamp="2023-03-29T10:20:24 IST" skipped="0">
  <testcase classname="org.example.AppTest" name="testcase2_login" time="0.001"/>
  <system-out/>
  <testcase classname="org.example.AppTest" name="testcase1_login" time="0.043"/>
  <system-out/>
</testsuite> <!-- org.example.AppTest -->
