<?xml version="1.0" encoding="UTF-8"?>
<!-- Generated by org.testng.reporters.JUnitReportReporter -->
<testsuite hostname="Bachking" failures="0" tests="1" name="org.example.googlesearchTest" time="15.371" errors="0" timestamp="2023-03-29T10:20:24 IST" skipped="0">
  <testcase classname="org.example.googlesearchTest" name="googletest" time="15.371"/>
  <system-out/>
</testsuite> <!-- org.example.googlesearchTest -->
