<?xml version="1.0" encoding="UTF-8"?>
<!-- Generated by org.testng.reporters.JUnitReportReporter -->
<testsuite hostname="Bachking" failures="0" tests="5" name="org.example.AppTest" time="0.012" errors="0" timestamp="2023-03-29T12:25:22 IST" skipped="1">
  <testcase classname="org.example.AppTest" name="openbrowser" time="0.009"/>
  <system-out/>
  <testcase classname="org.example.AppTest" name="clickums" time="0.001"/>
  <system-out/>
  <testcase classname="org.example.AppTest" name="openhomepage" time="0.001"/>
  <system-out/>
  <testcase classname="org.example.AppTest" name="closebrowser" time="0.001"/>
  <system-out/>
  <testcase classname="org.example.AppTest" name="closeums">
    <skipped/>
  </testcase> <!-- closeums -->
  <system-out/>
</testsuite> <!-- org.example.AppTest -->
